Detecting C compiler ABI info failed to compile with the following output:
Change Dir: C:/Users/Tarun/Desktop/Projects/GP/simplex/bin/CMakeFiles/CMakeTmp

Run Build Command(s):C:/msys64/usr/bin/ninja.exe cmTC_5daab && [1/2] Building C object CMakeFiles/cmTC_5daab.dir/CMakeCCompilerABI.c.obj
FAILED: CMakeFiles/cmTC_5daab.dir/CMakeCCompilerABI.c.obj 
C:\msys64\mingw64\bin\cc.exe   -v -o CMakeFiles/cmTC_5daab.dir/CMakeCCompilerABI.c.obj -c 'C:/msys64/mingw64/share/cmake-3.21/Modules/CMakeCCompilerABI.c'
/bin/sh: line 1: C:msys64mingw64bincc.exe: command not found
ninja: build stopped: subcommand failed.




Determining if the C compiler works failed with the following output:
Change Dir: C:/Users/Tarun/Desktop/Projects/GP/simplex/bin/CMakeFiles/CMakeTmp

Run Build Command(s):C:/msys64/usr/bin/ninja.exe cmTC_3d27d && [1/2] Building C object CMakeFiles/cmTC_3d27d.dir/testCCompiler.c.obj
FAILED: CMakeFiles/cmTC_3d27d.dir/testCCompiler.c.obj 
C:\msys64\mingw64\bin\cc.exe    -o CMakeFiles/cmTC_3d27d.dir/testCCompiler.c.obj -c 'C:/Users/Tarun/Desktop/Projects/GP/simplex/bin/CMakeFiles/CMakeTmp/testCCompiler.c'
/bin/sh: line 1: C:msys64mingw64bincc.exe: command not found
ninja: build stopped: subcommand failed.



Detecting C compiler ABI info failed to compile with the following output:
Change Dir: C:/Users/Tarun/Desktop/Projects/GP/simplex/bin/CMakeFiles/CMakeTmp

Run Build Command(s):C:/msys64/usr/bin/ninja.exe cmTC_ad957 && [1/2] Building C object CMakeFiles/cmTC_ad957.dir/CMakeCCompilerABI.c.obj
FAILED: CMakeFiles/cmTC_ad957.dir/CMakeCCompilerABI.c.obj 
C:\msys64\mingw64\bin\cc.exe   -v -o CMakeFiles/cmTC_ad957.dir/CMakeCCompilerABI.c.obj -c 'C:/msys64/mingw64/share/cmake-3.21/Modules/CMakeCCompilerABI.c'
/bin/sh: line 1: C:msys64mingw64bincc.exe: command not found
ninja: build stopped: subcommand failed.




Determining if the C compiler works failed with the following output:
Change Dir: C:/Users/Tarun/Desktop/Projects/GP/simplex/bin/CMakeFiles/CMakeTmp

Run Build Command(s):C:/msys64/usr/bin/ninja.exe cmTC_04b53 && [1/2] Building C object CMakeFiles/cmTC_04b53.dir/testCCompiler.c.obj
FAILED: CMakeFiles/cmTC_04b53.dir/testCCompiler.c.obj 
C:\msys64\mingw64\bin\cc.exe    -o CMakeFiles/cmTC_04b53.dir/testCCompiler.c.obj -c 'C:/Users/Tarun/Desktop/Projects/GP/simplex/bin/CMakeFiles/CMakeTmp/testCCompiler.c'
/bin/sh: line 1: C:msys64mingw64bincc.exe: command not found
ninja: build stopped: subcommand failed.



